[INFO ][20171227 15:54:48,027][AbstractApplicationContext:583] Refreshing org.springframework.context.support.ClassPathXmlApplicationContext@1e81f4dc: startup date [Wed Dec 27 15:54:48 CST 2017]; root of context hierarchy
[INFO ][20171227 15:54:48,110][XmlBeanDefinitionReader:317] Loading XML bean definitions from class path resource [spring/springcontent.xml]
[INFO ][20171227 15:54:49,882][DruidDataSource:722] {dataSource-1} inited
[INFO ][20171227 15:55:10,767][AbstractApplicationContext:583] Refreshing org.springframework.context.support.ClassPathXmlApplicationContext@1e81f4dc: startup date [Wed Dec 27 15:55:10 CST 2017]; root of context hierarchy
[INFO ][20171227 15:55:10,852][XmlBeanDefinitionReader:317] Loading XML bean definitions from class path resource [spring/springcontent.xml]
[INFO ][20171227 15:55:12,328][DruidDataSource:722] {dataSource-1} inited
[INFO ][20171227 15:55:57,318][AbstractApplicationContext:583] Refreshing org.springframework.context.support.ClassPathXmlApplicationContext@67b92f0a: startup date [Wed Dec 27 15:55:57 CST 2017]; root of context hierarchy
[INFO ][20171227 15:55:57,431][XmlBeanDefinitionReader:317] Loading XML bean definitions from class path resource [spring/springcontent.xml]
[INFO ][20171227 15:55:59,127][DruidDataSource:722] {dataSource-1} inited
[INFO ][20171227 17:19:44,231][AbstractApplicationContext:583] Refreshing org.springframework.context.support.ClassPathXmlApplicationContext@67b92f0a: startup date [Wed Dec 27 17:19:44 CST 2017]; root of context hierarchy
[INFO ][20171227 17:19:44,390][XmlBeanDefinitionReader:317] Loading XML bean definitions from class path resource [spring/springcontent.xml]
[INFO ][20171227 17:19:46,684][DruidDataSource:722] {dataSource-1} inited
[WARN ][20171227 17:19:47,044][AbstractApplicationContext:551] Exception encountered during context initialization - cancelling refresh attempt: org.springframework.beans.factory.UnsatisfiedDependencyException: Error creating bean with name 'companyService': Unsatisfied dependency expressed through field 'companyDao'; nested exception is org.springframework.beans.factory.BeanCreationException: Error creating bean with name 'companyDao' defined in file [D:\eclipse_workspace\liu_work_workspace\collin-project-oa\target\classes\com\liu\collin\project\ucif\dao\CompanyDao.class]: Cannot resolve reference to bean 'ysSqlSessionFactory' while setting bean property 'sqlSessionFactory'; nested exception is org.springframework.beans.factory.BeanCreationException: Error creating bean with name 'ysSqlSessionFactory' defined in class path resource [spring/springcontent.xml]: Invocation of init method failed; nested exception is org.springframework.core.NestedIOException: Failed to parse config resource: class path resource [mybatis/mybatisConfig.xml]; nested exception is org.apache.ibatis.builder.BuilderException: Error parsing SQL Mapper Configuration. Cause: org.apache.ibatis.builder.BuilderException: Error parsing Mapper XML. Cause: org.apache.ibatis.builder.BuilderException: Error resolving class. Cause: org.apache.ibatis.type.TypeException: Could not resolve type alias 'lang'.  Cause: java.lang.ClassNotFoundException: Cannot find class: lang
[INFO ][20171227 17:19:47,054][DruidDataSource:1447] {dataSource-1} closed
[INFO ][20171227 17:20:43,133][AbstractApplicationContext:583] Refreshing org.springframework.context.support.ClassPathXmlApplicationContext@67b92f0a: startup date [Wed Dec 27 17:20:43 CST 2017]; root of context hierarchy
[INFO ][20171227 17:20:43,306][XmlBeanDefinitionReader:317] Loading XML bean definitions from class path resource [spring/springcontent.xml]
[INFO ][20171227 17:20:45,591][DruidDataSource:722] {dataSource-1} inited
[WARN ][20171227 17:20:45,918][AbstractApplicationContext:551] Exception encountered during context initialization - cancelling refresh attempt: org.springframework.beans.factory.UnsatisfiedDependencyException: Error creating bean with name 'companyService': Unsatisfied dependency expressed through field 'companyDao'; nested exception is org.springframework.beans.factory.BeanCreationException: Error creating bean with name 'companyDao' defined in file [D:\eclipse_workspace\liu_work_workspace\collin-project-oa\target\classes\com\liu\collin\project\ucif\dao\CompanyDao.class]: Cannot resolve reference to bean 'ysSqlSessionFactory' while setting bean property 'sqlSessionFactory'; nested exception is org.springframework.beans.factory.BeanCreationException: Error creating bean with name 'ysSqlSessionFactory' defined in class path resource [spring/springcontent.xml]: Invocation of init method failed; nested exception is org.springframework.core.NestedIOException: Failed to parse config resource: class path resource [mybatis/mybatisConfig.xml]; nested exception is org.apache.ibatis.builder.BuilderException: Error parsing SQL Mapper Configuration. Cause: org.apache.ibatis.builder.BuilderException: Error parsing Mapper XML. Cause: org.apache.ibatis.builder.BuilderException: Error resolving class. Cause: org.apache.ibatis.type.TypeException: Could not resolve type alias '_lang'.  Cause: java.lang.ClassNotFoundException: Cannot find class: _lang
[INFO ][20171227 17:20:45,934][DruidDataSource:1447] {dataSource-1} closed
[INFO ][20171227 17:23:13,979][AbstractApplicationContext:583] Refreshing org.springframework.context.support.ClassPathXmlApplicationContext@1e81f4dc: startup date [Wed Dec 27 17:23:13 CST 2017]; root of context hierarchy
[INFO ][20171227 17:23:14,125][XmlBeanDefinitionReader:317] Loading XML bean definitions from class path resource [spring/springcontent.xml]
[INFO ][20171227 17:23:16,510][DruidDataSource:722] {dataSource-1} inited
[WARN ][20171227 17:23:16,782][AbstractApplicationContext:551] Exception encountered during context initialization - cancelling refresh attempt: org.springframework.beans.factory.UnsatisfiedDependencyException: Error creating bean with name 'companyService': Unsatisfied dependency expressed through field 'companyDao'; nested exception is org.springframework.beans.factory.BeanCreationException: Error creating bean with name 'companyDao' defined in file [D:\eclipse_workspace\liu_work_workspace\collin-project-oa\target\classes\com\liu\collin\project\ucif\dao\CompanyDao.class]: Cannot resolve reference to bean 'ysSqlSessionFactory' while setting bean property 'sqlSessionFactory'; nested exception is org.springframework.beans.factory.BeanCreationException: Error creating bean with name 'ysSqlSessionFactory' defined in class path resource [spring/springcontent.xml]: Invocation of init method failed; nested exception is org.springframework.core.NestedIOException: Failed to parse config resource: class path resource [mybatis/mybatisConfig.xml]; nested exception is org.apache.ibatis.builder.BuilderException: Error parsing SQL Mapper Configuration. Cause: org.apache.ibatis.builder.BuilderException: Error parsing Mapper XML. Cause: org.apache.ibatis.builder.BuilderException: Error resolving class. Cause: org.apache.ibatis.type.TypeException: Could not resolve type alias 'CompanyMap'.  Cause: java.lang.ClassNotFoundException: Cannot find class: CompanyMap
[INFO ][20171227 17:23:16,783][DruidDataSource:1447] {dataSource-1} closed
[INFO ][20171227 17:25:11,026][AbstractApplicationContext:583] Refreshing org.springframework.context.support.ClassPathXmlApplicationContext@67b92f0a: startup date [Wed Dec 27 17:25:11 CST 2017]; root of context hierarchy
[INFO ][20171227 17:25:11,204][XmlBeanDefinitionReader:317] Loading XML bean definitions from class path resource [spring/springcontent.xml]
[INFO ][20171227 17:25:13,431][DruidDataSource:722] {dataSource-1} inited
[WARN ][20171227 17:25:13,831][AbstractApplicationContext:551] Exception encountered during context initialization - cancelling refresh attempt: org.springframework.beans.factory.UnsatisfiedDependencyException: Error creating bean with name 'companyService': Unsatisfied dependency expressed through field 'companyDao'; nested exception is org.springframework.beans.factory.BeanCreationException: Error creating bean with name 'companyDao' defined in file [D:\eclipse_workspace\liu_work_workspace\collin-project-oa\target\classes\com\liu\collin\project\ucif\dao\CompanyDao.class]: Cannot resolve reference to bean 'ysSqlSessionFactory' while setting bean property 'sqlSessionFactory'; nested exception is org.springframework.beans.factory.BeanCreationException: Error creating bean with name 'ysSqlSessionFactory' defined in class path resource [spring/springcontent.xml]: Invocation of init method failed; nested exception is org.springframework.core.NestedIOException: Failed to parse config resource: class path resource [mybatis/mybatisConfig.xml]; nested exception is org.apache.ibatis.builder.BuilderException: Error parsing SQL Mapper Configuration. Cause: org.apache.ibatis.builder.BuilderException: Error parsing Mapper XML. Cause: org.apache.ibatis.builder.BuilderException: Error resolving class. Cause: org.apache.ibatis.type.TypeException: Could not resolve type alias 'CompanyMap'.  Cause: java.lang.ClassNotFoundException: Cannot find class: CompanyMap
[INFO ][20171227 17:25:13,843][DruidDataSource:1447] {dataSource-1} closed
[INFO ][20171227 17:27:54,053][AbstractApplicationContext:583] Refreshing org.springframework.context.support.ClassPathXmlApplicationContext@1e81f4dc: startup date [Wed Dec 27 17:27:54 CST 2017]; root of context hierarchy
[INFO ][20171227 17:27:54,163][XmlBeanDefinitionReader:317] Loading XML bean definitions from class path resource [spring/springcontent.xml]
[INFO ][20171227 17:27:56,413][DruidDataSource:722] {dataSource-1} inited
[WARN ][20171227 17:27:56,711][AbstractApplicationContext:551] Exception encountered during context initialization - cancelling refresh attempt: org.springframework.beans.factory.UnsatisfiedDependencyException: Error creating bean with name 'companyService': Unsatisfied dependency expressed through field 'companyDao'; nested exception is org.springframework.beans.factory.BeanCreationException: Error creating bean with name 'companyDao' defined in file [D:\eclipse_workspace\liu_work_workspace\collin-project-oa\target\classes\com\liu\collin\project\ucif\dao\CompanyDao.class]: Cannot resolve reference to bean 'ysSqlSessionFactory' while setting bean property 'sqlSessionFactory'; nested exception is org.springframework.beans.factory.BeanCreationException: Error creating bean with name 'ysSqlSessionFactory' defined in class path resource [spring/springcontent.xml]: Invocation of init method failed; nested exception is org.springframework.core.NestedIOException: Failed to parse config resource: class path resource [mybatis/mybatisConfig.xml]; nested exception is org.apache.ibatis.builder.BuilderException: Error parsing SQL Mapper Configuration. Cause: org.apache.ibatis.builder.BuilderException: Error parsing Mapper XML. Cause: org.apache.ibatis.builder.BuilderException: Error resolving class. Cause: org.apache.ibatis.type.TypeException: Could not resolve type alias 'CompanyMap'.  Cause: java.lang.ClassNotFoundException: Cannot find class: CompanyMap
[INFO ][20171227 17:27:56,727][DruidDataSource:1447] {dataSource-1} closed
[INFO ][20171227 17:29:46,398][AbstractApplicationContext:583] Refreshing org.springframework.context.support.ClassPathXmlApplicationContext@1e81f4dc: startup date [Wed Dec 27 17:29:46 CST 2017]; root of context hierarchy
[INFO ][20171227 17:29:46,506][XmlBeanDefinitionReader:317] Loading XML bean definitions from class path resource [spring/springcontent.xml]
[INFO ][20171227 17:29:48,899][DruidDataSource:722] {dataSource-1} inited
[INFO ][20171227 17:29:59,817][AbstractApplicationContext:583] Refreshing org.springframework.context.support.ClassPathXmlApplicationContext@1e81f4dc: startup date [Wed Dec 27 17:29:59 CST 2017]; root of context hierarchy
[INFO ][20171227 17:29:59,967][XmlBeanDefinitionReader:317] Loading XML bean definitions from class path resource [spring/springcontent.xml]
[INFO ][20171227 17:30:02,476][DruidDataSource:722] {dataSource-1} inited
[INFO ][20171227 17:30:09,270][AbstractApplicationContext:583] Refreshing org.springframework.context.support.ClassPathXmlApplicationContext@67b92f0a: startup date [Wed Dec 27 17:30:09 CST 2017]; root of context hierarchy
[INFO ][20171227 17:30:09,437][XmlBeanDefinitionReader:317] Loading XML bean definitions from class path resource [spring/springcontent.xml]
[INFO ][20171227 17:30:12,017][DruidDataSource:722] {dataSource-1} inited
[INFO ][20171227 17:31:14,516][AbstractApplicationContext:583] Refreshing org.springframework.context.support.ClassPathXmlApplicationContext@67b92f0a: startup date [Wed Dec 27 17:31:14 CST 2017]; root of context hierarchy
[INFO ][20171227 17:31:14,690][XmlBeanDefinitionReader:317] Loading XML bean definitions from class path resource [spring/springcontent.xml]
[INFO ][20171227 17:31:17,347][DruidDataSource:722] {dataSource-1} inited
[INFO ][20171227 18:14:33,763][AbstractApplicationContext:583] Refreshing org.springframework.context.support.ClassPathXmlApplicationContext@67b92f0a: startup date [Wed Dec 27 18:14:33 CST 2017]; root of context hierarchy
[INFO ][20171227 18:14:33,945][XmlBeanDefinitionReader:317] Loading XML bean definitions from class path resource [spring/springcontent.xml]
[INFO ][20171227 18:14:37,142][DruidDataSource:722] {dataSource-1} inited
[WARN ][20171227 18:14:37,550][AbstractApplicationContext:551] Exception encountered during context initialization - cancelling refresh attempt: org.springframework.beans.factory.UnsatisfiedDependencyException: Error creating bean with name 'companyService': Unsatisfied dependency expressed through field 'companyDao'; nested exception is org.springframework.beans.factory.BeanCreationException: Error creating bean with name 'companyDao' defined in file [D:\eclipse_workspace\liu_work_workspace\collin-project-oa\target\classes\com\liu\collin\project\ucif\dao\CompanyDao.class]: Cannot resolve reference to bean 'ysSqlSessionFactory' while setting bean property 'sqlSessionFactory'; nested exception is org.springframework.beans.factory.BeanCreationException: Error creating bean with name 'ysSqlSessionFactory' defined in class path resource [spring/springcontent.xml]: Invocation of init method failed; nested exception is org.springframework.core.NestedIOException: Failed to parse config resource: class path resource [mybatis/mybatisConfig.xml]; nested exception is org.apache.ibatis.builder.BuilderException: Error parsing SQL Mapper Configuration. Cause: org.apache.ibatis.builder.BuilderException: Error parsing Mapper XML. Cause: org.apache.ibatis.builder.BuilderException: Error resolving JdbcType. Cause: java.lang.IllegalArgumentException: No enum constant org.apache.ibatis.type.JdbcType.INT
[INFO ][20171227 18:14:37,565][DruidDataSource:1447] {dataSource-1} closed
[INFO ][20171227 18:15:35,178][AbstractApplicationContext:583] Refreshing org.springframework.context.support.ClassPathXmlApplicationContext@67b92f0a: startup date [Wed Dec 27 18:15:35 CST 2017]; root of context hierarchy
[INFO ][20171227 18:15:35,301][XmlBeanDefinitionReader:317] Loading XML bean definitions from class path resource [spring/springcontent.xml]
[INFO ][20171227 18:15:37,377][DruidDataSource:722] {dataSource-1} inited
[WARN ][20171227 18:15:37,755][AbstractApplicationContext:551] Exception encountered during context initialization - cancelling refresh attempt: org.springframework.beans.factory.UnsatisfiedDependencyException: Error creating bean with name 'companyService': Unsatisfied dependency expressed through field 'companyDao'; nested exception is org.springframework.beans.factory.BeanCreationException: Error creating bean with name 'companyDao' defined in file [D:\eclipse_workspace\liu_work_workspace\collin-project-oa\target\classes\com\liu\collin\project\ucif\dao\CompanyDao.class]: Cannot resolve reference to bean 'ysSqlSessionFactory' while setting bean property 'sqlSessionFactory'; nested exception is org.springframework.beans.factory.BeanCreationException: Error creating bean with name 'ysSqlSessionFactory' defined in class path resource [spring/springcontent.xml]: Invocation of init method failed; nested exception is org.springframework.core.NestedIOException: Failed to parse config resource: class path resource [mybatis/mybatisConfig.xml]; nested exception is org.apache.ibatis.builder.BuilderException: Error parsing SQL Mapper Configuration. Cause: org.apache.ibatis.builder.BuilderException: Error parsing Mapper XML. Cause: org.apache.ibatis.builder.BuilderException: Error resolving JdbcType. Cause: java.lang.IllegalArgumentException: No enum constant org.apache.ibatis.type.JdbcType.INT
[INFO ][20171227 18:15:37,757][DruidDataSource:1447] {dataSource-1} closed
[INFO ][20171227 18:18:27,471][AbstractApplicationContext:583] Refreshing org.springframework.context.support.ClassPathXmlApplicationContext@1e81f4dc: startup date [Wed Dec 27 18:18:27 CST 2017]; root of context hierarchy
[INFO ][20171227 18:18:27,616][XmlBeanDefinitionReader:317] Loading XML bean definitions from class path resource [spring/springcontent.xml]
[INFO ][20171227 18:18:30,245][DruidDataSource:722] {dataSource-1} inited
[INFO ][20171227 18:18:44,261][AbstractApplicationContext:583] Refreshing org.springframework.context.support.ClassPathXmlApplicationContext@67b92f0a: startup date [Wed Dec 27 18:18:44 CST 2017]; root of context hierarchy
[INFO ][20171227 18:18:44,391][XmlBeanDefinitionReader:317] Loading XML bean definitions from class path resource [spring/springcontent.xml]
[INFO ][20171227 18:18:46,554][DruidDataSource:722] {dataSource-1} inited
[INFO ][20171227 18:20:26,007][AbstractApplicationContext:583] Refreshing org.springframework.context.support.ClassPathXmlApplicationContext@67b92f0a: startup date [Wed Dec 27 18:20:26 CST 2017]; root of context hierarchy
[INFO ][20171227 18:20:26,141][XmlBeanDefinitionReader:317] Loading XML bean definitions from class path resource [spring/springcontent.xml]
[INFO ][20171227 18:20:28,596][DruidDataSource:722] {dataSource-1} inited
[INFO ][20171227 18:27:44,253][AbstractApplicationContext:583] Refreshing org.springframework.context.support.ClassPathXmlApplicationContext@1e81f4dc: startup date [Wed Dec 27 18:27:44 CST 2017]; root of context hierarchy
[INFO ][20171227 18:27:44,350][XmlBeanDefinitionReader:317] Loading XML bean definitions from class path resource [spring/springcontent.xml]
[INFO ][20171227 18:27:46,684][DruidDataSource:722] {dataSource-1} inited
[INFO ][20171227 18:28:31,603][AbstractApplicationContext:583] Refreshing org.springframework.context.support.ClassPathXmlApplicationContext@1e81f4dc: startup date [Wed Dec 27 18:28:31 CST 2017]; root of context hierarchy
[INFO ][20171227 18:28:31,722][XmlBeanDefinitionReader:317] Loading XML bean definitions from class path resource [spring/springcontent.xml]
[INFO ][20171227 18:28:33,977][DruidDataSource:722] {dataSource-1} inited
[INFO ][20171227 18:37:35,441][AbstractApplicationContext:583] Refreshing org.springframework.context.support.ClassPathXmlApplicationContext@67b92f0a: startup date [Wed Dec 27 18:37:35 CST 2017]; root of context hierarchy
[INFO ][20171227 18:37:35,617][XmlBeanDefinitionReader:317] Loading XML bean definitions from class path resource [spring/springcontent.xml]
[INFO ][20171227 18:37:37,735][DruidDataSource:722] {dataSource-1} inited
[INFO ][20171227 18:39:31,026][AbstractApplicationContext:583] Refreshing org.springframework.context.support.ClassPathXmlApplicationContext@67b92f0a: startup date [Wed Dec 27 18:39:31 CST 2017]; root of context hierarchy
[INFO ][20171227 18:39:31,212][XmlBeanDefinitionReader:317] Loading XML bean definitions from class path resource [spring/springcontent.xml]
[INFO ][20171227 18:39:33,807][DruidDataSource:722] {dataSource-1} inited
[INFO ][20171227 18:42:13,096][AbstractApplicationContext:583] Refreshing org.springframework.context.support.ClassPathXmlApplicationContext@1e81f4dc: startup date [Wed Dec 27 18:42:13 CST 2017]; root of context hierarchy
[INFO ][20171227 18:42:13,223][XmlBeanDefinitionReader:317] Loading XML bean definitions from class path resource [spring/springcontent.xml]
[INFO ][20171227 18:42:15,536][DruidDataSource:722] {dataSource-1} inited
[INFO ][20171227 18:42:17,289][XmlBeanDefinitionReader:317] Loading XML bean definitions from class path resource [org/springframework/jdbc/support/sql-error-codes.xml]
[INFO ][20171227 18:42:17,374][SQLErrorCodesFactory:127] SQLErrorCodes loaded: [DB2, Derby, H2, HSQL, Informix, MS-SQL, MySQL, Oracle, PostgreSQL, Sybase, Hana]
[INFO ][20171227 18:42:46,562][AbstractApplicationContext:583] Refreshing org.springframework.context.support.ClassPathXmlApplicationContext@1e81f4dc: startup date [Wed Dec 27 18:42:46 CST 2017]; root of context hierarchy
[INFO ][20171227 18:42:46,693][XmlBeanDefinitionReader:317] Loading XML bean definitions from class path resource [spring/springcontent.xml]
[INFO ][20171227 18:42:48,629][DruidDataSource:722] {dataSource-1} inited
